DEB [20211130-23:26:57.583] thr=1   paramiko.transport: starting thread (client mode): 0x947f9d30
DEB [20211130-23:26:57.584] thr=1   paramiko.transport: Local version/idstring: SSH-2.0-paramiko_2.7.2
DEB [20211130-23:26:57.593] thr=1   paramiko.transport: Remote version/idstring: SSH-1.99-Cisco-1.25
INF [20211130-23:26:57.593] thr=1   paramiko.transport: Connected (version 1.99, client Cisco-1.25)
DEB [20211130-23:26:57.603] thr=1   paramiko.transport: kex algos:['diffie-hellman-group-exchange-sha1', 'diffie-hellman-group14-sha1', 'diffie-hellman-group1-sha1'] server key:['ssh-rsa'] client encrypt:['aes128-cbc', '3des-cbc', 'aes192-cbc', 'aes256-cbc'] server encrypt:['aes128-cbc', '3des-cbc', 'aes192-cbc', 'aes256-cbc'] client mac:['hmac-sha1', 'hmac-sha1-96', 'hmac-md5', 'hmac-md5-96'] server mac:['hmac-sha1', 'hmac-sha1-96', 'hmac-md5', 'hmac-md5-96'] client compress:['none'] server compress:['none'] client lang:[''] server lang:[''] kex follows?False
DEB [20211130-23:26:57.603] thr=1   paramiko.transport: Kex agreed: diffie-hellman-group-exchange-sha1
DEB [20211130-23:26:57.603] thr=1   paramiko.transport: HostKey agreed: ssh-rsa
DEB [20211130-23:26:57.603] thr=1   paramiko.transport: Cipher agreed: aes128-cbc
DEB [20211130-23:26:57.603] thr=1   paramiko.transport: MAC agreed: hmac-sha1
DEB [20211130-23:26:57.604] thr=1   paramiko.transport: Compression agreed: none
DEB [20211130-23:26:57.613] thr=1   paramiko.transport: Got server p (2048 bits)
DEB [20211130-23:26:57.807] thr=1   paramiko.transport: kex engine KexGex specified hash_algo <built-in function openssl_sha1>
DEB [20211130-23:26:57.808] thr=1   paramiko.transport: Switch to new keys ...
DEB [20211130-23:26:57.808] thr=2   paramiko.transport: Trying SSH agent key b'5b5814d396e6e71fa302a0e224a6d150'
DEB [20211130-23:26:58.017] thr=1   paramiko.transport: userauth is OK
INF [20211130-23:26:59.025] thr=1   paramiko.transport: Authentication (publickey) failed.
INF [20211130-23:26:59.035] thr=1   paramiko.transport: Disconnect (code 2): Protocol error: expected packet type 50, got 5
DEB [20211130-23:28:16.726] thr=1   paramiko.transport: starting thread (client mode): 0x9b972d30
DEB [20211130-23:28:16.726] thr=1   paramiko.transport: Local version/idstring: SSH-2.0-paramiko_2.7.2
DEB [20211130-23:28:16.736] thr=1   paramiko.transport: Remote version/idstring: SSH-1.99-Cisco-1.25
INF [20211130-23:28:16.736] thr=1   paramiko.transport: Connected (version 1.99, client Cisco-1.25)
DEB [20211130-23:28:16.746] thr=1   paramiko.transport: kex algos:['diffie-hellman-group-exchange-sha1', 'diffie-hellman-group14-sha1', 'diffie-hellman-group1-sha1'] server key:['ssh-rsa'] client encrypt:['aes128-cbc', '3des-cbc', 'aes192-cbc', 'aes256-cbc'] server encrypt:['aes128-cbc', '3des-cbc', 'aes192-cbc', 'aes256-cbc'] client mac:['hmac-sha1', 'hmac-sha1-96', 'hmac-md5', 'hmac-md5-96'] server mac:['hmac-sha1', 'hmac-sha1-96', 'hmac-md5', 'hmac-md5-96'] client compress:['none'] server compress:['none'] client lang:[''] server lang:[''] kex follows?False
DEB [20211130-23:28:16.746] thr=1   paramiko.transport: Kex agreed: diffie-hellman-group-exchange-sha1
DEB [20211130-23:28:16.747] thr=1   paramiko.transport: HostKey agreed: ssh-rsa
DEB [20211130-23:28:16.747] thr=1   paramiko.transport: Cipher agreed: aes128-cbc
DEB [20211130-23:28:16.747] thr=1   paramiko.transport: MAC agreed: hmac-sha1
DEB [20211130-23:28:16.747] thr=1   paramiko.transport: Compression agreed: none
DEB [20211130-23:28:16.756] thr=1   paramiko.transport: Got server p (2048 bits)
DEB [20211130-23:28:16.960] thr=1   paramiko.transport: kex engine KexGex specified hash_algo <built-in function openssl_sha1>
DEB [20211130-23:28:16.960] thr=1   paramiko.transport: Switch to new keys ...
DEB [20211130-23:28:16.961] thr=2   paramiko.transport: Trying SSH agent key b'5b5814d396e6e71fa302a0e224a6d150'
DEB [20211130-23:28:17.169] thr=1   paramiko.transport: userauth is OK
INF [20211130-23:28:18.176] thr=1   paramiko.transport: Authentication (publickey) failed.
INF [20211130-23:28:18.186] thr=1   paramiko.transport: Disconnect (code 2): Protocol error: expected packet type 50, got 5
DEB [20211130-23:38:24.442] thr=1   paramiko.transport: starting thread (client mode): 0xd4999d30
DEB [20211130-23:38:24.443] thr=1   paramiko.transport: Local version/idstring: SSH-2.0-paramiko_2.7.2
DEB [20211130-23:38:24.452] thr=1   paramiko.transport: Remote version/idstring: SSH-1.99-Cisco-1.25
INF [20211130-23:38:24.452] thr=1   paramiko.transport: Connected (version 1.99, client Cisco-1.25)
DEB [20211130-23:38:24.453] thr=1   paramiko.transport: kex algos:['diffie-hellman-group-exchange-sha1', 'diffie-hellman-group14-sha1', 'diffie-hellman-group1-sha1'] server key:['ssh-rsa'] client encrypt:['aes128-cbc', '3des-cbc', 'aes192-cbc', 'aes256-cbc'] server encrypt:['aes128-cbc', '3des-cbc', 'aes192-cbc', 'aes256-cbc'] client mac:['hmac-sha1', 'hmac-sha1-96', 'hmac-md5', 'hmac-md5-96'] server mac:['hmac-sha1', 'hmac-sha1-96', 'hmac-md5', 'hmac-md5-96'] client compress:['none'] server compress:['none'] client lang:[''] server lang:[''] kex follows?False
DEB [20211130-23:38:24.453] thr=1   paramiko.transport: Kex agreed: diffie-hellman-group-exchange-sha1
DEB [20211130-23:38:24.453] thr=1   paramiko.transport: HostKey agreed: ssh-rsa
DEB [20211130-23:38:24.453] thr=1   paramiko.transport: Cipher agreed: aes128-cbc
DEB [20211130-23:38:24.453] thr=1   paramiko.transport: MAC agreed: hmac-sha1
DEB [20211130-23:38:24.453] thr=1   paramiko.transport: Compression agreed: none
DEB [20211130-23:38:24.664] thr=1   paramiko.transport: Got server p (2048 bits)
DEB [20211130-23:38:24.859] thr=1   paramiko.transport: kex engine KexGex specified hash_algo <built-in function openssl_sha1>
DEB [20211130-23:38:24.859] thr=1   paramiko.transport: Switch to new keys ...
DEB [20211130-23:38:25.077] thr=1   paramiko.transport: userauth is OK
INF [20211130-23:38:25.098] thr=1   paramiko.transport: Authentication (password) successful!
DEB [20211130-23:38:25.098] thr=2   paramiko.transport: [chan 0] Max packet in: 32768 bytes
DEB [20211130-23:38:26.096] thr=1   paramiko.transport: [chan 0] Max packet out: 4096 bytes
DEB [20211130-23:38:26.096] thr=1   paramiko.transport: Secsh channel 0 opened.
DEB [20211130-23:38:26.106] thr=1   paramiko.transport: [chan 0] Sesch channel 0 request ok
DEB [20211130-23:38:26.228] thr=1   paramiko.transport: [chan 0] EOF received (0)
DEB [20211130-23:38:26.228] thr=1   paramiko.transport: [chan 0] EOF sent (0)
DEB [20211130-23:38:26.228] thr=1   paramiko.transport: Dropping user packet because connection is dead.
DEB [20211130-23:38:26.228] thr=1   paramiko.transport: Dropping user packet because connection is dead.
